<?xml version="1.0" encoding="UTF-8"?>
<!-- Generated by org.testng.reporters.JUnitXMLReporter -->
<testsuite hostname="IXGLDX1B3" name="test" tests="14" failures="0" timestamp="24 May 2022 06:49:34 GMT" time="0.722" errors="0">
  <testcase name="@BeforeClass setup" time="0.0" classname="runner.testRunner">
    <failure type="org.testng.TestNGException" message="
Method setup requires 1 parameters but 0 were supplied in the @Configuration annotation.">
      <![CDATA[org.testng.TestNGException: 
Method setup requires 1 parameters but 0 were supplied in the @Configuration annotation.
... Removed 22 stack frames]]>
    </failure>
  </testcase> <!-- @BeforeClass setup -->
  <testcase name="runScenario" time="0.001" classname="runner.testRunner">
    <skipped/>
  </testcase> <!-- runScenario -->
  <testcase name="runScenario" time="0.001" classname="runner.testRunner">
    <skipped/>
  </testcase> <!-- runScenario -->
  <testcase name="runScenario" time="0.001" classname="runner.testRunner">
    <skipped/>
  </testcase> <!-- runScenario -->
  <testcase name="runScenario" time="0.001" classname="runner.testRunner">
    <skipped/>
  </testcase> <!-- runScenario -->
  <testcase name="runScenario" time="0.001" classname="runner.testRunner">
    <skipped/>
  </testcase> <!-- runScenario -->
  <testcase name="runScenario" time="0.001" classname="runner.testRunner">
    <skipped/>
  </testcase> <!-- runScenario -->
  <testcase name="runScenario" time="0.0" classname="runner.testRunner">
    <skipped/>
  </testcase> <!-- runScenario -->
  <testcase name="runScenario" time="0.0" classname="runner.testRunner">
    <skipped/>
  </testcase> <!-- runScenario -->
  <testcase name="runScenario" time="0.001" classname="runner.testRunner">
    <skipped/>
  </testcase> <!-- runScenario -->
  <testcase name="runScenario" time="0.0" classname="runner.testRunner">
    <skipped/>
  </testcase> <!-- runScenario -->
  <testcase name="runScenario" time="0.0" classname="runner.testRunner">
    <skipped/>
  </testcase> <!-- runScenario -->
  <testcase name="runScenario" time="0.0" classname="runner.testRunner">
    <skipped/>
  </testcase> <!-- runScenario -->
  <testcase name="runScenario" time="0.001" classname="runner.testRunner">
    <skipped/>
  </testcase> <!-- runScenario -->
  <testcase name="runScenario" time="0.001" classname="runner.testRunner">
    <skipped/>
  </testcase> <!-- runScenario -->
</testsuite> <!-- test -->
