<?xml version="1.0" encoding="UTF-8"?>
<!-- Generated by org.testng.reporters.JUnitXMLReporter -->
<testsuite hostname="IXGLDX1B3" name="APITests" tests="14" failures="0" timestamp="24 May 2022 08:47:41 GMT" time="12.55" errors="0">
  <testcase name="runScenario" time="2.511" classname="runner.testngRunner"/>
  <testcase name="runScenario" time="1.223" classname="runner.testngRunner"/>
  <testcase name="runScenario" time="0.736" classname="runner.testngRunner"/>
  <testcase name="runScenario" time="0.953" classname="runner.testngRunner"/>
  <testcase name="runScenario" time="0.615" classname="runner.testngRunner"/>
  <testcase name="runScenario" time="0.614" classname="runner.testngRunner"/>
  <testcase name="runScenario" time="0.611" classname="runner.testngRunner"/>
  <testcase name="runScenario" time="0.621" classname="runner.testngRunner"/>
  <testcase name="runScenario" time="0.654" classname="runner.testngRunner"/>
  <testcase name="runScenario" time="0.71" classname="runner.testngRunner"/>
  <testcase name="runScenario" time="0.638" classname="runner.testngRunner"/>
  <testcase name="runScenario" time="0.632" classname="runner.testngRunner"/>
  <testcase name="runScenario" time="0.658" classname="runner.testngRunner"/>
  <testcase name="runScenario" time="0.64" classname="runner.testngRunner"/>
</testsuite> <!-- APITests -->
