<?xml version="1.0" encoding="UTF-8"?>
<!-- Generated by org.testng.reporters.JUnitXMLReporter -->
<testsuite hostname="IXGLDX1B3" name="POSTResponseTests" tests="8" failures="0" timestamp="24 May 2022 08:41:35 GMT" time="5.338" errors="0">
  <testcase name="runScenario" time="0.66" classname="runner.testngRunnerSpecific"/>
  <testcase name="runScenario" time="0.65" classname="runner.testngRunnerSpecific"/>
  <testcase name="runScenario" time="0.626" classname="runner.testngRunnerSpecific"/>
  <testcase name="runScenario" time="0.76" classname="runner.testngRunnerSpecific"/>
  <testcase name="runScenario" time="0.808" classname="runner.testngRunnerSpecific"/>
  <testcase name="runScenario" time="0.582" classname="runner.testngRunnerSpecific"/>
  <testcase name="runScenario" time="0.608" classname="runner.testngRunnerSpecific"/>
  <testcase name="runScenario" time="0.603" classname="runner.testngRunnerSpecific"/>
</testsuite> <!-- POSTResponseTests -->
