<?xml version="1.0" encoding="UTF-8"?>
<!-- Generated by org.testng.reporters.JUnitXMLReporter -->
<testsuite hostname="IXGLDX1B3" name="PUTResponseTests" tests="4" failures="0" timestamp="24 May 2022 08:41:27 GMT" time="5.258" errors="0">
  <testcase name="runScenario" time="2.527" classname="runner.testngRunnerSpecific"/>
  <testcase name="runScenario" time="0.879" classname="runner.testngRunnerSpecific"/>
  <testcase name="runScenario" time="0.64" classname="runner.testngRunnerSpecific"/>
  <testcase name="runScenario" time="0.624" classname="runner.testngRunnerSpecific"/>
</testsuite> <!-- PUTResponseTests -->
