<?xml version="1.0" encoding="UTF-8"?>
<!-- Generated by org.testng.reporters.JUnitXMLReporter -->
<testsuite hostname="IXGLDX1B3" name="APIMiniProject" tests="14" failures="0" timestamp="24 May 2022 07:55:34 GMT" time="12.49" errors="0">
  <testcase name="scenario" time="2.337" classname="runner.testngRunner2"/>
  <testcase name="scenario" time="1.244" classname="runner.testngRunner2"/>
  <testcase name="scenario" time="0.901" classname="runner.testngRunner2"/>
  <testcase name="scenario" time="0.93" classname="runner.testngRunner2"/>
  <testcase name="scenario" time="0.635" classname="runner.testngRunner2"/>
  <testcase name="scenario" time="0.593" classname="runner.testngRunner2"/>
  <testcase name="scenario" time="0.641" classname="runner.testngRunner2"/>
  <testcase name="scenario" time="0.614" classname="runner.testngRunner2"/>
  <testcase name="scenario" time="0.703" classname="runner.testngRunner2"/>
  <testcase name="scenario" time="0.649" classname="runner.testngRunner2"/>
  <testcase name="scenario" time="0.645" classname="runner.testngRunner2"/>
  <testcase name="scenario" time="0.642" classname="runner.testngRunner2"/>
  <testcase name="scenario" time="0.607" classname="runner.testngRunner2"/>
  <testcase name="scenario" time="0.774" classname="runner.testngRunner2"/>
</testsuite> <!-- APIMiniProject -->
