<?xml version="1.0" encoding="UTF-8"?>
<!-- Generated by org.testng.reporters.JUnitXMLReporter -->
<testsuite hostname="IXGLDX1B3" name="test" tests="4" failures="0" timestamp="24 May 2022 08:38:23 GMT" time="6.442" errors="0">
  <testcase name="runScenario" time="3.279" classname="runner.testngRunner2"/>
  <testcase name="runScenario" time="0.984" classname="runner.testngRunner2"/>
  <testcase name="runScenario" time="0.741" classname="runner.testngRunner2"/>
  <testcase name="runScenario" time="0.853" classname="runner.testngRunner2"/>
</testsuite> <!-- test -->
